0 info it worked if it ends with ok
1 verbose cli [ '/usr/local/bin/node',
1 verbose cli   '/usr/local/bin/npm',
1 verbose cli   'install',
1 verbose cli   'ngImgCrop',
1 verbose cli   '--save' ]
2 info using npm@2.14.7
3 info using node@v4.2.2
4 verbose install initial load of /Users/steveleec/Documents/pollSystemAngular/app/package.json
5 warn package.json pollsystem@1.0.0 No description
6 warn package.json pollsystem@1.0.0 No repository field.
7 warn package.json pollsystem@1.0.0 No README data
8 verbose installManyTop reading scoped package data from /Users/steveleec/Documents/pollSystemAngular/app/node_modules/angular/package.json
9 verbose installManyTop reading scoped package data from /Users/steveleec/Documents/pollSystemAngular/app/node_modules/angular-animate/package.json
10 verbose installManyTop reading scoped package data from /Users/steveleec/Documents/pollSystemAngular/app/node_modules/angular-aria/package.json
11 verbose installManyTop reading scoped package data from /Users/steveleec/Documents/pollSystemAngular/app/node_modules/angular-material/package.json
12 verbose installManyTop reading scoped package data from /Users/steveleec/Documents/pollSystemAngular/app/node_modules/angular-route/package.json
13 verbose installManyTop reading scoped package data from /Users/steveleec/Documents/pollSystemAngular/app/node_modules/electron-prebuilt/package.json
14 verbose installManyTop reading scoped package data from /Users/steveleec/Documents/pollSystemAngular/app/node_modules/ng-file-upload/package.json
15 verbose installManyTop reading scoped package data from /Users/steveleec/Documents/pollSystemAngular/app/node_modules/ngtweet/package.json
16 info package.json angular-material@1.0.5 No license field.
17 verbose readDependencies loading dependencies from /Users/steveleec/Documents/pollSystemAngular/app/package.json
18 silly cache add args [ 'ngImgCrop', null ]
19 verbose cache add spec ngImgCrop
20 silly cache add parsed spec Result {
20 silly cache add   raw: 'ngImgCrop',
20 silly cache add   scope: null,
20 silly cache add   name: 'ngImgCrop',
20 silly cache add   rawSpec: '',
20 silly cache add   spec: '*',
20 silly cache add   type: 'range' }
21 silly addNamed ngImgCrop@*
22 verbose addNamed "*" is a valid semver range for ngImgCrop
23 silly addNameRange { name: 'ngImgCrop', range: '*', hasData: false }
24 silly mapToRegistry name ngImgCrop
25 silly mapToRegistry using default registry
26 silly mapToRegistry registry https://registry.npmjs.org/
27 silly mapToRegistry uri https://registry.npmjs.org/ngImgCrop
28 verbose addNameRange registry:https://registry.npmjs.org/ngImgCrop not in flight; fetching
29 verbose request uri https://registry.npmjs.org/ngImgCrop
30 verbose request no auth needed
31 info attempt registry request try #1 at 2:12:30 PM
32 verbose request id a6ba27da2fc0affd
33 http request GET https://registry.npmjs.org/ngImgCrop
34 http 404 https://registry.npmjs.org/ngImgCrop
35 verbose headers { 'content-type': 'application/json',
35 verbose headers   'cache-control': 'max-age=0',
35 verbose headers   'content-length': '2',
35 verbose headers   'accept-ranges': 'bytes',
35 verbose headers   date: 'Thu, 25 Feb 2016 22:11:28 GMT',
35 verbose headers   via: '1.1 varnish',
35 verbose headers   age: '0',
35 verbose headers   connection: 'keep-alive',
35 verbose headers   'x-served-by': 'cache-sjc3127-SJC',
35 verbose headers   'x-cache': 'MISS',
35 verbose headers   'x-cache-hits': '0',
35 verbose headers   'x-timer': 'S1456438288.256139,VS0,VE87' }
36 silly get cb [ 404,
36 silly get   { 'content-type': 'application/json',
36 silly get     'cache-control': 'max-age=0',
36 silly get     'content-length': '2',
36 silly get     'accept-ranges': 'bytes',
36 silly get     date: 'Thu, 25 Feb 2016 22:11:28 GMT',
36 silly get     via: '1.1 varnish',
36 silly get     age: '0',
36 silly get     connection: 'keep-alive',
36 silly get     'x-served-by': 'cache-sjc3127-SJC',
36 silly get     'x-cache': 'MISS',
36 silly get     'x-cache-hits': '0',
36 silly get     'x-timer': 'S1456438288.256139,VS0,VE87' } ]
37 verbose stack Error: Registry returned 404 for GET on https://registry.npmjs.org/ngImgCrop
37 verbose stack     at makeError (/usr/local/lib/node_modules/npm/node_modules/npm-registry-client/lib/request.js:264:12)
37 verbose stack     at CachingRegistryClient.<anonymous> (/usr/local/lib/node_modules/npm/node_modules/npm-registry-client/lib/request.js:242:14)
37 verbose stack     at Request._callback (/usr/local/lib/node_modules/npm/node_modules/npm-registry-client/lib/request.js:172:14)
37 verbose stack     at Request.self.callback (/usr/local/lib/node_modules/npm/node_modules/request/request.js:198:22)
37 verbose stack     at emitTwo (events.js:87:13)
37 verbose stack     at Request.emit (events.js:172:7)
37 verbose stack     at Request.<anonymous> (/usr/local/lib/node_modules/npm/node_modules/request/request.js:1063:14)
37 verbose stack     at emitOne (events.js:82:20)
37 verbose stack     at Request.emit (events.js:169:7)
37 verbose stack     at IncomingMessage.<anonymous> (/usr/local/lib/node_modules/npm/node_modules/request/request.js:1009:12)
38 verbose statusCode 404
39 verbose pkgid ngImgCrop
40 verbose cwd /Users/steveleec/Documents/pollSystemAngular/app
41 error Darwin 14.5.0
42 error argv "/usr/local/bin/node" "/usr/local/bin/npm" "install" "ngImgCrop" "--save"
43 error node v4.2.2
44 error npm  v2.14.7
45 error code E404
46 error 404 Registry returned 404 for GET on https://registry.npmjs.org/ngImgCrop
46 error 404
46 error 404 'ngImgCrop' is not in the npm registry.
46 error 404 Your package name is not valid, because
46 error 404
46 error 404  1. name can no longer contain capital letters
46 error 404 It was specified as a dependency of 'pollsystem'
46 error 404
46 error 404 Note that you can also install from a
46 error 404 tarball, folder, http url, or git url.
47 verbose exit [ 1, true ]
